2023-01-13 05:33:10.338  INFO 20396 --- [Eureka-EvictionTimer] c.n.e.registry.AbstractInstanceRegistry  : Running the evict task with compensationTime 24182839ms
2023-01-13 05:34:10.344  INFO 20396 --- [Eureka-EvictionTimer] c.n.e.registry.AbstractInstanceRegistry  : Running the evict task with compensationTime 6ms
2023-01-13 05:35:10.345  INFO 20396 --- [Eureka-EvictionTimer] c.n.e.registry.AbstractInstanceRegistry  : Running the evict task with compensationTime 0ms
2023-01-13 05:36:10.351  INFO 20396 --- [Eureka-EvictionTimer] c.n.e.registry.AbstractInstanceRegistry  : Running the evict task with compensationTime 5ms
2023-01-13 05:36:29.274  INFO 20396 --- [SpringApplicationShutdownHook] o.s.c.n.e.s.EurekaServiceRegistry        : Unregistering application DISCOVERY-SERVER with eureka with status DOWN
2023-01-13 05:36:29.304  INFO 20396 --- [SpringApplicationShutdownHook] o.s.c.n.e.server.EurekaServerBootstrap   : Shutting down Eureka Server..
2023-01-13 05:36:29.337  INFO 20396 --- [SpringApplicationShutdownHook] c.n.eureka.DefaultEurekaServerContext    : Shutting down ...
2023-01-13 05:36:29.343  INFO 20396 --- [SpringApplicationShutdownHook] com.netflix.servo.monitor.StatsMonitor   : Attempting to get the value for an expired monitor: eurekaServer.replication.batchSize.Will start computing stats again.
2023-01-13 05:36:29.352  INFO 20396 --- [SpringApplicationShutdownHook] com.netflix.servo.monitor.StatsMonitor   : Attempting to get the value for an expired monitor: eurekaServer.replication.executionTime.Will start computing stats again.
2023-01-13 05:36:29.355  INFO 20396 --- [SpringApplicationShutdownHook] com.netflix.servo.monitor.StatsMonitor   : Attempting to get the value for an expired monitor: eurekaServer.replication.executionTime.Will start computing stats again.
2023-01-13 05:36:29.358  INFO 20396 --- [SpringApplicationShutdownHook] com.netflix.servo.monitor.StatsMonitor   : Attempting to get the value for an expired monitor: eurekaServer.replication.batchSize.Will start computing stats again.
2023-01-13 05:36:29.455  INFO 20396 --- [SpringApplicationShutdownHook] c.n.eureka.DefaultEurekaServerContext    : Shut down
2023-01-13 05:36:29.456  INFO 20396 --- [SpringApplicationShutdownHook] o.s.c.n.e.server.EurekaServerBootstrap   : Eureka Service is now shutdown...
2023-01-13 05:36:29.456  INFO 20396 --- [SpringApplicationShutdownHook] c.n.eureka.DefaultEurekaServerContext    : Shutting down ...
2023-01-13 05:36:29.518  INFO 20396 --- [SpringApplicationShutdownHook] c.n.eureka.DefaultEurekaServerContext    : Shut down
2023-01-13 05:36:36.629  INFO 23036 --- [main] c.e.c.ChamaEurekaServerApplication       : Starting ChamaEurekaServerApplication using Java 17.0.2 on Amuriithi-pc with PID 23036 (D:\Work\OneDrive - ECLECTICS INTERNATIONAL LTD\Eclectics\Advancys Ms\eureka-server\target\classes started by amuriithi in D:\Work\OneDrive - ECLECTICS INTERNATIONAL LTD\Eclectics\Advancys Ms\eureka-server)
2023-01-13 05:36:36.631  INFO 23036 --- [main] c.e.c.ChamaEurekaServerApplication       : The following 1 profile is active: "dev"
2023-01-13 05:36:37.706  INFO 23036 --- [main] o.s.cloud.context.scope.GenericScope     : BeanFactory id=9bb3701d-3be6-363d-bcf3-8074c051b307
2023-01-13 05:36:37.968  INFO 23036 --- [main] o.s.b.w.embedded.tomcat.TomcatWebServer  : Tomcat initialized with port(s): 9713 (http)
2023-01-13 05:36:37.979  INFO 23036 --- [main] o.apache.catalina.core.StandardService   : Starting service [Tomcat]
2023-01-13 05:36:37.979  INFO 23036 --- [main] org.apache.catalina.core.StandardEngine  : Starting Servlet engine: [Apache Tomcat/9.0.65]
2023-01-13 05:36:38.103  INFO 23036 --- [main] o.a.c.c.C.[Tomcat].[localhost].[/]       : Initializing Spring embedded WebApplicationContext
2023-01-13 05:36:38.104  INFO 23036 --- [main] w.s.c.ServletWebServerApplicationContext : Root WebApplicationContext: initialization completed in 1406 ms
2023-01-13 05:36:38.464  INFO 23036 --- [main] c.s.j.s.i.a.WebApplicationImpl           : Initiating Jersey application, version 'Jersey: 1.19.4 05/24/2017 03:20 PM'
2023-01-13 05:36:40.248  INFO 23036 --- [main] DiscoveryClientOptionalArgsConfiguration : Eureka HTTP Client uses Jersey
2023-01-13 05:36:40.289  WARN 23036 --- [main] iguration$LoadBalancerCaffeineWarnLogger : Spring Cloud LoadBalancer is currently working with the default cache. While this cache implementation is useful for development and tests, it's recommended to use Caffeine cache in production.You can switch to using Caffeine cache, by adding it and org.springframework.cache.caffeine.CaffeineCacheManager to the classpath.
2023-01-13 05:36:40.303  INFO 23036 --- [main] o.s.c.n.eureka.InstanceInfoFactory       : Setting initial instance status as: STARTING
2023-01-13 05:36:40.838  INFO 23036 --- [main] c.n.eureka.DefaultEurekaServerContext    : Initializing ...
2023-01-13 05:36:40.839  INFO 23036 --- [main] c.n.eureka.cluster.PeerEurekaNodes       : Adding new peer nodes [http://localhost:9713/eureka/]
2023-01-13 05:36:41.030  INFO 23036 --- [main] c.n.eureka.cluster.PeerEurekaNodes       : Replica node URL:  http://localhost:9713/eureka/
2023-01-13 05:36:41.059  INFO 23036 --- [main] c.n.e.registry.AbstractInstanceRegistry  : Finished initializing remote region registries. All known remote regions: []
2023-01-13 05:36:41.066  INFO 23036 --- [main] c.n.eureka.DefaultEurekaServerContext    : Initialized
2023-01-13 05:36:41.075  INFO 23036 --- [main] o.s.b.a.e.web.EndpointLinksResolver      : Exposing 1 endpoint(s) beneath base path '/actuator'
2023-01-13 05:36:41.130  INFO 23036 --- [main] o.s.c.n.e.s.EurekaServiceRegistry        : Registering application DISCOVERY-SERVER with eureka with status UP
2023-01-13 05:36:41.141  INFO 23036 --- [Thread-9] o.s.c.n.e.server.EurekaServerBootstrap   : isAws returned false
2023-01-13 05:36:41.141  INFO 23036 --- [Thread-9] o.s.c.n.e.server.EurekaServerBootstrap   : Initialized server context
2023-01-13 05:36:41.141  INFO 23036 --- [Thread-9] c.n.e.r.PeerAwareInstanceRegistryImpl    : Got 1 instances from neighboring DS node
2023-01-13 05:36:41.141  INFO 23036 --- [Thread-9] c.n.e.r.PeerAwareInstanceRegistryImpl    : Renew threshold is: 1
2023-01-13 05:36:41.142  INFO 23036 --- [Thread-9] c.n.e.r.PeerAwareInstanceRegistryImpl    : Changing status to UP
2023-01-13 05:36:41.163  INFO 23036 --- [main] o.s.b.w.embedded.tomcat.TomcatWebServer  : Tomcat started on port(s): 9713 (http) with context path ''
2023-01-13 05:36:41.164  INFO 23036 --- [main] .s.c.n.e.s.EurekaAutoServiceRegistration : Updating port to 9713
2023-01-13 05:36:41.209  INFO 23036 --- [Thread-9] e.s.EurekaServerInitializerConfiguration : Started Eureka Server
2023-01-13 05:36:41.237  INFO 23036 --- [http-nio-9713-exec-1] o.a.c.c.C.[Tomcat].[localhost].[/]       : Initializing Spring DispatcherServlet 'dispatcherServlet'
2023-01-13 05:36:41.237  INFO 23036 --- [http-nio-9713-exec-1] o.s.web.servlet.DispatcherServlet        : Initializing Servlet 'dispatcherServlet'
2023-01-13 05:36:41.238  INFO 23036 --- [http-nio-9713-exec-1] o.s.web.servlet.DispatcherServlet        : Completed initialization in 1 ms
2023-01-13 05:36:41.555  WARN 23036 --- [http-nio-9713-exec-3] c.n.e.registry.AbstractInstanceRegistry  : DS: Registry: lease doesn't exist, registering resource: AUTH-SERVER - host.docker.internal:auth-server:9701
2023-01-13 05:36:41.556  WARN 23036 --- [http-nio-9713-exec-3] c.n.eureka.resources.InstanceResource    : Not Found (Renew): AUTH-SERVER - host.docker.internal:auth-server:9701
2023-01-13 05:36:41.745  INFO 23036 --- [http-nio-9713-exec-4] c.n.e.registry.AbstractInstanceRegistry  : Registered instance AUTH-SERVER/host.docker.internal:auth-server:9701 with status UP (replication=false)
2023-01-13 05:36:41.797  INFO 23036 --- [main] c.e.c.ChamaEurekaServerApplication       : Started ChamaEurekaServerApplication in 6.512 seconds (JVM running for 8.538)
2023-01-13 05:36:41.875  WARN 23036 --- [http-nio-9713-exec-5] c.n.e.registry.AbstractInstanceRegistry  : DS: Registry: lease doesn't exist, registering resource: CORPORATE-SERVICE - host.docker.internal:corporate-service:9703
2023-01-13 05:36:41.875  WARN 23036 --- [http-nio-9713-exec-5] c.n.eureka.resources.InstanceResource    : Not Found (Renew): CORPORATE-SERVICE - host.docker.internal:corporate-service:9703
2023-01-13 05:36:41.891  INFO 23036 --- [http-nio-9713-exec-6] c.n.e.registry.AbstractInstanceRegistry  : Registered instance CORPORATE-SERVICE/host.docker.internal:corporate-service:9703 with status UP (replication=false)
2023-01-13 05:36:42.375  INFO 23036 --- [http-nio-9713-exec-7] c.n.e.registry.AbstractInstanceRegistry  : Registered instance AUTH-SERVER/host.docker.internal:auth-server:9701 with status UP (replication=true)
2023-01-13 05:36:42.377  INFO 23036 --- [http-nio-9713-exec-7] c.n.e.registry.AbstractInstanceRegistry  : Registered instance CORPORATE-SERVICE/host.docker.internal:corporate-service:9703 with status UP (replication=true)
2023-01-13 05:36:54.731  INFO 23036 --- [http-nio-9713-exec-2] c.n.e.registry.AbstractInstanceRegistry  : Registered instance API-GATEWAY/Amuriithi-pc.hq.ekenya.co.ke:api-gateway:9700 with status UP (replication=false)
2023-01-13 05:36:55.242  INFO 23036 --- [http-nio-9713-exec-3] c.n.e.registry.AbstractInstanceRegistry  : Registered instance API-GATEWAY/Amuriithi-pc.hq.ekenya.co.ke:api-gateway:9700 with status UP (replication=true)
2023-01-13 05:37:41.143  INFO 23036 --- [Eureka-EvictionTimer] c.n.e.registry.AbstractInstanceRegistry  : Running the evict task with compensationTime 0ms
2023-01-13 05:38:05.560  INFO 23036 --- [http-nio-9713-exec-2] c.n.e.registry.AbstractInstanceRegistry  : Registered instance API-GATEWAY/Amuriithi-pc.hq.ekenya.co.ke:api-gateway:9700 with status DOWN (replication=false)
2023-01-13 05:38:06.283 ERROR 23036 --- [TaskBatchingWorker-target_localhost-8] c.n.e.cluster.ReplicationTaskProcessor   : It seems to be a socket read timeout exception, it will retry later. if it continues to happen and some eureka node occupied all the cpu time, you should set property 'eureka.server.peer-node-read-timeout-ms' to a bigger value

com.sun.jersey.api.client.ClientHandlerException: java.net.SocketTimeoutException: Read timed out
	at com.sun.jersey.client.apache4.ApacheHttpClient4Handler.handle(ApacheHttpClient4Handler.java:187) ~[jersey-apache-client4-1.19.1.jar:1.19.1]
	at com.netflix.eureka.cluster.DynamicGZIPContentEncodingFilter.handle(DynamicGZIPContentEncodingFilter.java:48) ~[eureka-core-1.10.17.jar:1.10.17]
	at com.netflix.discovery.EurekaIdentityHeaderFilter.handle(EurekaIdentityHeaderFilter.java:27) ~[eureka-client-1.10.17.jar:1.10.17]
	at com.sun.jersey.api.client.Client.handle(Client.java:652) ~[jersey-client-1.19.4.jar:1.19.4]
	at com.sun.jersey.api.client.WebResource.handle(WebResource.java:682) ~[jersey-client-1.19.4.jar:1.19.4]
	at com.sun.jersey.api.client.WebResource.access$200(WebResource.java:74) ~[jersey-client-1.19.4.jar:1.19.4]
	at com.sun.jersey.api.client.WebResource$Builder.post(WebResource.java:570) ~[jersey-client-1.19.4.jar:1.19.4]
	at com.netflix.eureka.transport.JerseyReplicationClient.submitBatchUpdates(JerseyReplicationClient.java:117) ~[eureka-core-1.10.17.jar:1.10.17]
	at com.netflix.eureka.cluster.ReplicationTaskProcessor.process(ReplicationTaskProcessor.java:80) ~[eureka-core-1.10.17.jar:1.10.17]
	at com.netflix.eureka.util.batcher.TaskExecutors$BatchWorkerRunnable.run(TaskExecutors.java:190) ~[eureka-core-1.10.17.jar:1.10.17]
	at java.base/java.lang.Thread.run(Thread.java:833) ~[na:na]
Caused by: java.net.SocketTimeoutException: Read timed out
	at java.base/sun.nio.ch.NioSocketImpl.timedRead(NioSocketImpl.java:283) ~[na:na]
	at java.base/sun.nio.ch.NioSocketImpl.implRead(NioSocketImpl.java:309) ~[na:na]
	at java.base/sun.nio.ch.NioSocketImpl.read(NioSocketImpl.java:350) ~[na:na]
	at java.base/sun.nio.ch.NioSocketImpl$1.read(NioSocketImpl.java:803) ~[na:na]
	at java.base/java.net.Socket$SocketInputStream.read(Socket.java:966) ~[na:na]
	at org.apache.http.impl.io.AbstractSessionInputBuffer.fillBuffer(AbstractSessionInputBuffer.java:161) ~[httpcore-4.4.15.jar:4.4.15]
	at org.apache.http.impl.io.SocketInputBuffer.fillBuffer(SocketInputBuffer.java:82) ~[httpcore-4.4.15.jar:4.4.15]
	at org.apache.http.impl.io.AbstractSessionInputBuffer.readLine(AbstractSessionInputBuffer.java:276) ~[httpcore-4.4.15.jar:4.4.15]
	at org.apache.http.impl.conn.DefaultHttpResponseParser.parseHead(DefaultHttpResponseParser.java:138) ~[httpclient-4.5.13.jar:4.5.13]
	at org.apache.http.impl.conn.DefaultHttpResponseParser.parseHead(DefaultHttpResponseParser.java:56) ~[httpclient-4.5.13.jar:4.5.13]
	at org.apache.http.impl.io.AbstractMessageParser.parse(AbstractMessageParser.java:259) ~[httpcore-4.4.15.jar:4.4.15]
	at org.apache.http.impl.AbstractHttpClientConnection.receiveResponseHeader(AbstractHttpClientConnection.java:294) ~[httpcore-4.4.15.jar:4.4.15]
	at org.apache.http.impl.conn.DefaultClientConnection.receiveResponseHeader(DefaultClientConnection.java:257) ~[httpclient-4.5.13.jar:4.5.13]
	at org.apache.http.impl.conn.AbstractClientConnAdapter.receiveResponseHeader(AbstractClientConnAdapter.java:230) ~[httpclient-4.5.13.jar:4.5.13]
	at org.apache.http.protocol.HttpRequestExecutor.doReceiveResponse(HttpRequestExecutor.java:273) ~[httpcore-4.4.15.jar:4.4.15]
	at org.apache.http.protocol.HttpRequestExecutor.execute(HttpRequestExecutor.java:125) ~[httpcore-4.4.15.jar:4.4.15]
	at org.apache.http.impl.client.DefaultRequestDirector.tryExecute(DefaultRequestDirector.java:679) ~[httpclient-4.5.13.jar:4.5.13]
	at org.apache.http.impl.client.DefaultRequestDirector.execute(DefaultRequestDirector.java:481) ~[httpclient-4.5.13.jar:4.5.13]
	at org.apache.http.impl.client.AbstractHttpClient.doExecute(AbstractHttpClient.java:835) ~[httpclient-4.5.13.jar:4.5.13]
	at org.apache.http.impl.client.CloseableHttpClient.execute(CloseableHttpClient.java:118) ~[httpclient-4.5.13.jar:4.5.13]
	at org.apache.http.impl.client.CloseableHttpClient.execute(CloseableHttpClient.java:56) ~[httpclient-4.5.13.jar:4.5.13]
	at com.sun.jersey.client.apache4.ApacheHttpClient4Handler.handle(ApacheHttpClient4Handler.java:173) ~[jersey-apache-client4-1.19.1.jar:1.19.1]
	... 10 common frames omitted

2023-01-13 05:38:06.120  INFO 23036 --- [http-nio-9713-exec-3] c.n.e.registry.AbstractInstanceRegistry  : Registered instance API-GATEWAY/Amuriithi-pc.hq.ekenya.co.ke:api-gateway:9700 with status DOWN (replication=true)
2023-01-13 05:38:07.476  INFO 23036 --- [http-nio-9713-exec-4] c.n.e.registry.AbstractInstanceRegistry  : Registered instance API-GATEWAY/Amuriithi-pc.hq.ekenya.co.ke:api-gateway:9700 with status DOWN (replication=true)
2023-01-13 05:38:10.783  INFO 23036 --- [http-nio-9713-exec-6] c.n.e.registry.AbstractInstanceRegistry  : Cancelled instance API-GATEWAY/Amuriithi-pc.hq.ekenya.co.ke:api-gateway:9700 (replication=false)
2023-01-13 05:38:11.298  WARN 23036 --- [http-nio-9713-exec-7] c.n.e.registry.AbstractInstanceRegistry  : DS: Registry: cancel failed because Lease is not registered for: API-GATEWAY/Amuriithi-pc.hq.ekenya.co.ke:api-gateway:9700
2023-01-13 05:38:11.298  INFO 23036 --- [http-nio-9713-exec-7] c.n.eureka.resources.InstanceResource    : Not Found (Cancel): API-GATEWAY - Amuriithi-pc.hq.ekenya.co.ke:api-gateway:9700
2023-01-13 05:38:11.300  WARN 23036 --- [TaskBatchingWorker-target_localhost-1] c.n.eureka.cluster.ReplicationTask       : The replication of task API-GATEWAY/Amuriithi-pc.hq.ekenya.co.ke:api-gateway:9700:Cancel@localhost failed with response code 404
2023-01-13 05:38:11.301  WARN 23036 --- [TaskBatchingWorker-target_localhost-1] c.netflix.eureka.cluster.PeerEurekaNode  : API-GATEWAY/Amuriithi-pc.hq.ekenya.co.ke:api-gateway:9700:Cancel@localhost: missing entry.
2023-01-13 05:38:21.554  INFO 23036 --- [http-nio-9713-exec-6] c.n.e.registry.AbstractInstanceRegistry  : Registered instance CORPORATE-SERVICE/host.docker.internal:corporate-service:9703 with status DOWN (replication=false)
2023-01-13 05:38:22.263 ERROR 23036 --- [TaskBatchingWorker-target_localhost-13] c.n.e.cluster.ReplicationTaskProcessor   : It seems to be a socket read timeout exception, it will retry later. if it continues to happen and some eureka node occupied all the cpu time, you should set property 'eureka.server.peer-node-read-timeout-ms' to a bigger value

com.sun.jersey.api.client.ClientHandlerException: java.net.SocketTimeoutException: Read timed out
	at com.sun.jersey.client.apache4.ApacheHttpClient4Handler.handle(ApacheHttpClient4Handler.java:187) ~[jersey-apache-client4-1.19.1.jar:1.19.1]
	at com.netflix.eureka.cluster.DynamicGZIPContentEncodingFilter.handle(DynamicGZIPContentEncodingFilter.java:48) ~[eureka-core-1.10.17.jar:1.10.17]
	at com.netflix.discovery.EurekaIdentityHeaderFilter.handle(EurekaIdentityHeaderFilter.java:27) ~[eureka-client-1.10.17.jar:1.10.17]
	at com.sun.jersey.api.client.Client.handle(Client.java:652) ~[jersey-client-1.19.4.jar:1.19.4]
	at com.sun.jersey.api.client.WebResource.handle(WebResource.java:682) ~[jersey-client-1.19.4.jar:1.19.4]
	at com.sun.jersey.api.client.WebResource.access$200(WebResource.java:74) ~[jersey-client-1.19.4.jar:1.19.4]
	at com.sun.jersey.api.client.WebResource$Builder.post(WebResource.java:570) ~[jersey-client-1.19.4.jar:1.19.4]
	at com.netflix.eureka.transport.JerseyReplicationClient.submitBatchUpdates(JerseyReplicationClient.java:117) ~[eureka-core-1.10.17.jar:1.10.17]
	at com.netflix.eureka.cluster.ReplicationTaskProcessor.process(ReplicationTaskProcessor.java:80) ~[eureka-core-1.10.17.jar:1.10.17]
	at com.netflix.eureka.util.batcher.TaskExecutors$BatchWorkerRunnable.run(TaskExecutors.java:190) ~[eureka-core-1.10.17.jar:1.10.17]
	at java.base/java.lang.Thread.run(Thread.java:833) ~[na:na]
Caused by: java.net.SocketTimeoutException: Read timed out
	at java.base/sun.nio.ch.NioSocketImpl.timedRead(NioSocketImpl.java:283) ~[na:na]
	at java.base/sun.nio.ch.NioSocketImpl.implRead(NioSocketImpl.java:309) ~[na:na]
	at java.base/sun.nio.ch.NioSocketImpl.read(NioSocketImpl.java:350) ~[na:na]
	at java.base/sun.nio.ch.NioSocketImpl$1.read(NioSocketImpl.java:803) ~[na:na]
	at java.base/java.net.Socket$SocketInputStream.read(Socket.java:966) ~[na:na]
	at org.apache.http.impl.io.AbstractSessionInputBuffer.fillBuffer(AbstractSessionInputBuffer.java:161) ~[httpcore-4.4.15.jar:4.4.15]
	at org.apache.http.impl.io.SocketInputBuffer.fillBuffer(SocketInputBuffer.java:82) ~[httpcore-4.4.15.jar:4.4.15]
	at org.apache.http.impl.io.AbstractSessionInputBuffer.readLine(AbstractSessionInputBuffer.java:276) ~[httpcore-4.4.15.jar:4.4.15]
	at org.apache.http.impl.conn.DefaultHttpResponseParser.parseHead(DefaultHttpResponseParser.java:138) ~[httpclient-4.5.13.jar:4.5.13]
	at org.apache.http.impl.conn.DefaultHttpResponseParser.parseHead(DefaultHttpResponseParser.java:56) ~[httpclient-4.5.13.jar:4.5.13]
	at org.apache.http.impl.io.AbstractMessageParser.parse(AbstractMessageParser.java:259) ~[httpcore-4.4.15.jar:4.4.15]
	at org.apache.http.impl.AbstractHttpClientConnection.receiveResponseHeader(AbstractHttpClientConnection.java:294) ~[httpcore-4.4.15.jar:4.4.15]
	at org.apache.http.impl.conn.DefaultClientConnection.receiveResponseHeader(DefaultClientConnection.java:257) ~[httpclient-4.5.13.jar:4.5.13]
	at org.apache.http.impl.conn.AbstractClientConnAdapter.receiveResponseHeader(AbstractClientConnAdapter.java:230) ~[httpclient-4.5.13.jar:4.5.13]
	at org.apache.http.protocol.HttpRequestExecutor.doReceiveResponse(HttpRequestExecutor.java:273) ~[httpcore-4.4.15.jar:4.4.15]
	at org.apache.http.protocol.HttpRequestExecutor.execute(HttpRequestExecutor.java:125) ~[httpcore-4.4.15.jar:4.4.15]
	at org.apache.http.impl.client.DefaultRequestDirector.tryExecute(DefaultRequestDirector.java:679) ~[httpclient-4.5.13.jar:4.5.13]
	at org.apache.http.impl.client.DefaultRequestDirector.execute(DefaultRequestDirector.java:481) ~[httpclient-4.5.13.jar:4.5.13]
	at org.apache.http.impl.client.AbstractHttpClient.doExecute(AbstractHttpClient.java:835) ~[httpclient-4.5.13.jar:4.5.13]
	at org.apache.http.impl.client.CloseableHttpClient.execute(CloseableHttpClient.java:118) ~[httpclient-4.5.13.jar:4.5.13]
	at org.apache.http.impl.client.CloseableHttpClient.execute(CloseableHttpClient.java:56) ~[httpclient-4.5.13.jar:4.5.13]
	at com.sun.jersey.client.apache4.ApacheHttpClient4Handler.handle(ApacheHttpClient4Handler.java:173) ~[jersey-apache-client4-1.19.1.jar:1.19.1]
	... 10 common frames omitted

2023-01-13 05:38:22.389  INFO 23036 --- [http-nio-9713-exec-7] c.n.e.registry.AbstractInstanceRegistry  : Registered instance CORPORATE-SERVICE/host.docker.internal:corporate-service:9703 with status DOWN (replication=true)
2023-01-13 05:38:23.272  INFO 23036 --- [http-nio-9713-exec-10] c.n.e.registry.AbstractInstanceRegistry  : Registered instance CORPORATE-SERVICE/host.docker.internal:corporate-service:9703 with status DOWN (replication=true)
2023-01-13 05:38:27.063  INFO 23036 --- [http-nio-9713-exec-9] c.n.e.registry.AbstractInstanceRegistry  : Cancelled instance CORPORATE-SERVICE/host.docker.internal:corporate-service:9703 (replication=false)
2023-01-13 05:38:27.588  WARN 23036 --- [http-nio-9713-exec-1] c.n.e.registry.AbstractInstanceRegistry  : DS: Registry: cancel failed because Lease is not registered for: CORPORATE-SERVICE/host.docker.internal:corporate-service:9703
2023-01-13 05:38:27.589  INFO 23036 --- [http-nio-9713-exec-1] c.n.eureka.resources.InstanceResource    : Not Found (Cancel): CORPORATE-SERVICE - host.docker.internal:corporate-service:9703
2023-01-13 05:38:27.590  WARN 23036 --- [TaskBatchingWorker-target_localhost-0] c.n.eureka.cluster.ReplicationTask       : The replication of task CORPORATE-SERVICE/host.docker.internal:corporate-service:9703:Cancel@localhost failed with response code 404
2023-01-13 05:38:27.591  WARN 23036 --- [TaskBatchingWorker-target_localhost-0] c.netflix.eureka.cluster.PeerEurekaNode  : CORPORATE-SERVICE/host.docker.internal:corporate-service:9703:Cancel@localhost: missing entry.
2023-01-13 05:38:41.146  INFO 23036 --- [Eureka-EvictionTimer] c.n.e.registry.AbstractInstanceRegistry  : Running the evict task with compensationTime 3ms
2023-01-13 05:38:41.365  INFO 23036 --- [http-nio-9713-exec-7] c.n.e.registry.AbstractInstanceRegistry  : Registered instance API-GATEWAY/host.docker.internal:api-gateway:9700 with status UP (replication=false)
2023-01-13 05:38:41.876  INFO 23036 --- [http-nio-9713-exec-9] c.n.e.registry.AbstractInstanceRegistry  : Registered instance API-GATEWAY/host.docker.internal:api-gateway:9700 with status UP (replication=true)
2023-01-13 05:39:15.453  INFO 23036 --- [http-nio-9713-exec-4] c.n.e.registry.AbstractInstanceRegistry  : Registered instance CORPORATE-SERVICE/host.docker.internal:corporate-service:9703 with status UP (replication=false)
2023-01-13 05:39:15.961  INFO 23036 --- [http-nio-9713-exec-5] c.n.e.registry.AbstractInstanceRegistry  : Registered instance CORPORATE-SERVICE/host.docker.internal:corporate-service:9703 with status UP (replication=true)
2023-01-13 05:39:41.146  INFO 23036 --- [Eureka-EvictionTimer] c.n.e.registry.AbstractInstanceRegistry  : Running the evict task with compensationTime 0ms
2023-01-13 05:40:41.146  INFO 23036 --- [Eureka-EvictionTimer] c.n.e.registry.AbstractInstanceRegistry  : Running the evict task with compensationTime 0ms
2023-01-13 05:41:41.154  INFO 23036 --- [Eureka-EvictionTimer] c.n.e.registry.AbstractInstanceRegistry  : Running the evict task with compensationTime 7ms
2023-01-13 05:42:41.156  INFO 23036 --- [Eureka-EvictionTimer] c.n.e.registry.AbstractInstanceRegistry  : Running the evict task with compensationTime 1ms
2023-01-13 05:43:41.157  INFO 23036 --- [Eureka-EvictionTimer] c.n.e.registry.AbstractInstanceRegistry  : Running the evict task with compensationTime 0ms
2023-01-13 05:44:41.157  INFO 23036 --- [Eureka-EvictionTimer] c.n.e.registry.AbstractInstanceRegistry  : Running the evict task with compensationTime 96ms
2023-01-13 05:44:43.764  INFO 23036 --- [http-nio-9713-exec-7] c.n.e.registry.AbstractInstanceRegistry  : Registered instance BANK-SERVICE/host.docker.internal:bank-service:9704 with status UP (replication=false)
2023-01-13 05:44:44.270  INFO 23036 --- [http-nio-9713-exec-10] c.n.e.registry.AbstractInstanceRegistry  : Registered instance BANK-SERVICE/host.docker.internal:bank-service:9704 with status UP (replication=true)
2023-01-13 05:45:41.158  INFO 23036 --- [Eureka-EvictionTimer] c.n.e.registry.AbstractInstanceRegistry  : Running the evict task with compensationTime 113ms
2023-01-13 05:46:41.159  INFO 23036 --- [Eureka-EvictionTimer] c.n.e.registry.AbstractInstanceRegistry  : Running the evict task with compensationTime 113ms
2023-01-13 05:47:32.711  INFO 23036 --- [http-nio-9713-exec-4] c.n.e.registry.AbstractInstanceRegistry  : Registered instance WALLET-SERVICE/host.docker.internal:wallet-service:7901 with status UP (replication=false)
2023-01-13 05:47:33.219  INFO 23036 --- [http-nio-9713-exec-5] c.n.e.registry.AbstractInstanceRegistry  : Registered instance WALLET-SERVICE/host.docker.internal:wallet-service:7901 with status UP (replication=true)
2023-01-13 05:47:41.159  INFO 23036 --- [Eureka-EvictionTimer] c.n.e.registry.AbstractInstanceRegistry  : Running the evict task with compensationTime 112ms
2023-01-13 05:48:41.162  INFO 23036 --- [Eureka-EvictionTimer] c.n.e.registry.AbstractInstanceRegistry  : Running the evict task with compensationTime 116ms
2023-01-13 05:48:41.399  INFO 23036 --- [http-nio-9713-exec-7] c.n.e.registry.AbstractInstanceRegistry  : Registered instance BANK-SERVICE/host.docker.internal:bank-service:9704 with status DOWN (replication=false)
2023-01-13 05:48:41.781  INFO 23036 --- [http-nio-9713-exec-10] c.n.e.registry.AbstractInstanceRegistry  : Registered instance BANK-SERVICE/host.docker.internal:bank-service:9704 with status DOWN (replication=true)
2023-01-13 05:48:42.690 ERROR 23036 --- [TaskBatchingWorker-target_localhost-15] c.n.e.cluster.ReplicationTaskProcessor   : It seems to be a socket read timeout exception, it will retry later. if it continues to happen and some eureka node occupied all the cpu time, you should set property 'eureka.server.peer-node-read-timeout-ms' to a bigger value

com.sun.jersey.api.client.ClientHandlerException: java.net.SocketTimeoutException: Read timed out
	at com.sun.jersey.client.apache4.ApacheHttpClient4Handler.handle(ApacheHttpClient4Handler.java:187) ~[jersey-apache-client4-1.19.1.jar:1.19.1]
	at com.netflix.eureka.cluster.DynamicGZIPContentEncodingFilter.handle(DynamicGZIPContentEncodingFilter.java:48) ~[eureka-core-1.10.17.jar:1.10.17]
	at com.netflix.discovery.EurekaIdentityHeaderFilter.handle(EurekaIdentityHeaderFilter.java:27) ~[eureka-client-1.10.17.jar:1.10.17]
	at com.sun.jersey.api.client.Client.handle(Client.java:652) ~[jersey-client-1.19.4.jar:1.19.4]
	at com.sun.jersey.api.client.WebResource.handle(WebResource.java:682) ~[jersey-client-1.19.4.jar:1.19.4]
	at com.sun.jersey.api.client.WebResource.access$200(WebResource.java:74) ~[jersey-client-1.19.4.jar:1.19.4]
	at com.sun.jersey.api.client.WebResource$Builder.post(WebResource.java:570) ~[jersey-client-1.19.4.jar:1.19.4]
	at com.netflix.eureka.transport.JerseyReplicationClient.submitBatchUpdates(JerseyReplicationClient.java:117) ~[eureka-core-1.10.17.jar:1.10.17]
	at com.netflix.eureka.cluster.ReplicationTaskProcessor.process(ReplicationTaskProcessor.java:80) ~[eureka-core-1.10.17.jar:1.10.17]
	at com.netflix.eureka.util.batcher.TaskExecutors$BatchWorkerRunnable.run(TaskExecutors.java:190) ~[eureka-core-1.10.17.jar:1.10.17]
	at java.base/java.lang.Thread.run(Thread.java:833) ~[na:na]
Caused by: java.net.SocketTimeoutException: Read timed out
	at java.base/sun.nio.ch.NioSocketImpl.timedRead(NioSocketImpl.java:283) ~[na:na]
	at java.base/sun.nio.ch.NioSocketImpl.implRead(NioSocketImpl.java:309) ~[na:na]
	at java.base/sun.nio.ch.NioSocketImpl.read(NioSocketImpl.java:350) ~[na:na]
	at java.base/sun.nio.ch.NioSocketImpl$1.read(NioSocketImpl.java:803) ~[na:na]
	at java.base/java.net.Socket$SocketInputStream.read(Socket.java:966) ~[na:na]
	at org.apache.http.impl.io.AbstractSessionInputBuffer.fillBuffer(AbstractSessionInputBuffer.java:161) ~[httpcore-4.4.15.jar:4.4.15]
	at org.apache.http.impl.io.SocketInputBuffer.fillBuffer(SocketInputBuffer.java:82) ~[httpcore-4.4.15.jar:4.4.15]
	at org.apache.http.impl.io.AbstractSessionInputBuffer.readLine(AbstractSessionInputBuffer.java:276) ~[httpcore-4.4.15.jar:4.4.15]
	at org.apache.http.impl.conn.DefaultHttpResponseParser.parseHead(DefaultHttpResponseParser.java:138) ~[httpclient-4.5.13.jar:4.5.13]
	at org.apache.http.impl.conn.DefaultHttpResponseParser.parseHead(DefaultHttpResponseParser.java:56) ~[httpclient-4.5.13.jar:4.5.13]
	at org.apache.http.impl.io.AbstractMessageParser.parse(AbstractMessageParser.java:259) ~[httpcore-4.4.15.jar:4.4.15]
	at org.apache.http.impl.AbstractHttpClientConnection.receiveResponseHeader(AbstractHttpClientConnection.java:294) ~[httpcore-4.4.15.jar:4.4.15]
	at org.apache.http.impl.conn.DefaultClientConnection.receiveResponseHeader(DefaultClientConnection.java:257) ~[httpclient-4.5.13.jar:4.5.13]
	at org.apache.http.impl.conn.AbstractClientConnAdapter.receiveResponseHeader(AbstractClientConnAdapter.java:230) ~[httpclient-4.5.13.jar:4.5.13]
	at org.apache.http.protocol.HttpRequestExecutor.doReceiveResponse(HttpRequestExecutor.java:273) ~[httpcore-4.4.15.jar:4.4.15]
	at org.apache.http.protocol.HttpRequestExecutor.execute(HttpRequestExecutor.java:125) ~[httpcore-4.4.15.jar:4.4.15]
	at org.apache.http.impl.client.DefaultRequestDirector.tryExecute(DefaultRequestDirector.java:679) ~[httpclient-4.5.13.jar:4.5.13]
	at org.apache.http.impl.client.DefaultRequestDirector.execute(DefaultRequestDirector.java:481) ~[httpclient-4.5.13.jar:4.5.13]
	at org.apache.http.impl.client.AbstractHttpClient.doExecute(AbstractHttpClient.java:835) ~[httpclient-4.5.13.jar:4.5.13]
	at org.apache.http.impl.client.CloseableHttpClient.execute(CloseableHttpClient.java:118) ~[httpclient-4.5.13.jar:4.5.13]
	at org.apache.http.impl.client.CloseableHttpClient.execute(CloseableHttpClient.java:56) ~[httpclient-4.5.13.jar:4.5.13]
	at com.sun.jersey.client.apache4.ApacheHttpClient4Handler.handle(ApacheHttpClient4Handler.java:173) ~[jersey-apache-client4-1.19.1.jar:1.19.1]
	... 10 common frames omitted

2023-01-13 05:48:46.638  INFO 23036 --- [http-nio-9713-exec-5] c.n.e.registry.AbstractInstanceRegistry  : Cancelled instance BANK-SERVICE/host.docker.internal:bank-service:9704 (replication=false)
2023-01-13 05:48:47.206  WARN 23036 --- [http-nio-9713-exec-6] c.n.e.registry.AbstractInstanceRegistry  : DS: Registry: cancel failed because Lease is not registered for: BANK-SERVICE/host.docker.internal:bank-service:9704
2023-01-13 05:48:47.221  INFO 23036 --- [http-nio-9713-exec-6] c.n.eureka.resources.InstanceResource    : Not Found (Cancel): BANK-SERVICE - host.docker.internal:bank-service:9704
2023-01-13 05:48:47.225  WARN 23036 --- [TaskBatchingWorker-target_localhost-6] c.n.eureka.cluster.ReplicationTask       : The replication of task BANK-SERVICE/host.docker.internal:bank-service:9704:Cancel@localhost failed with response code 404
2023-01-13 05:48:47.225  WARN 23036 --- [TaskBatchingWorker-target_localhost-6] c.netflix.eureka.cluster.PeerEurekaNode  : BANK-SERVICE/host.docker.internal:bank-service:9704:Cancel@localhost: missing entry.
2023-01-13 05:48:57.666  INFO 23036 --- [http-nio-9713-exec-3] c.n.e.registry.AbstractInstanceRegistry  : Registered instance CORPORATE-SERVICE/host.docker.internal:corporate-service:9703 with status DOWN (replication=false)
2023-01-13 05:48:58.175  INFO 23036 --- [http-nio-9713-exec-9] c.n.e.registry.AbstractInstanceRegistry  : Registered instance CORPORATE-SERVICE/host.docker.internal:corporate-service:9703 with status DOWN (replication=true)
2023-01-13 05:49:03.198  INFO 23036 --- [http-nio-9713-exec-7] c.n.e.registry.AbstractInstanceRegistry  : Cancelled instance CORPORATE-SERVICE/host.docker.internal:corporate-service:9703 (replication=false)
2023-01-13 05:49:03.714  WARN 23036 --- [http-nio-9713-exec-10] c.n.e.registry.AbstractInstanceRegistry  : DS: Registry: cancel failed because Lease is not registered for: CORPORATE-SERVICE/host.docker.internal:corporate-service:9703
2023-01-13 05:49:03.715  INFO 23036 --- [http-nio-9713-exec-10] c.n.eureka.resources.InstanceResource    : Not Found (Cancel): CORPORATE-SERVICE - host.docker.internal:corporate-service:9703
2023-01-13 05:49:03.716  WARN 23036 --- [TaskBatchingWorker-target_localhost-9] c.n.eureka.cluster.ReplicationTask       : The replication of task CORPORATE-SERVICE/host.docker.internal:corporate-service:9703:Cancel@localhost failed with response code 404
2023-01-13 05:49:03.716  WARN 23036 --- [TaskBatchingWorker-target_localhost-9] c.netflix.eureka.cluster.PeerEurekaNode  : CORPORATE-SERVICE/host.docker.internal:corporate-service:9703:Cancel@localhost: missing entry.
2023-01-13 05:49:29.917  INFO 23036 --- [http-nio-9713-exec-2] c.n.e.registry.AbstractInstanceRegistry  : Registered instance BANK-SERVICE/host.docker.internal:bank-service:9704 with status UP (replication=false)
2023-01-13 05:49:30.422  INFO 23036 --- [http-nio-9713-exec-3] c.n.e.registry.AbstractInstanceRegistry  : Registered instance BANK-SERVICE/host.docker.internal:bank-service:9704 with status UP (replication=true)
2023-01-13 05:49:41.163  INFO 23036 --- [Eureka-EvictionTimer] c.n.e.registry.AbstractInstanceRegistry  : Running the evict task with compensationTime 15ms
2023-01-13 05:49:41.403  INFO 23036 --- [http-nio-9713-exec-9] c.n.e.registry.AbstractInstanceRegistry  : Registered instance CORPORATE-SERVICE/host.docker.internal:corporate-service:9703 with status UP (replication=false)
2023-01-13 05:49:41.775  INFO 23036 --- [http-nio-9713-exec-4] c.n.e.registry.AbstractInstanceRegistry  : Registered instance CORPORATE-SERVICE/host.docker.internal:corporate-service:9703 with status UP (replication=true)
2023-01-13 05:50:41.164  INFO 23036 --- [Eureka-EvictionTimer] c.n.e.registry.AbstractInstanceRegistry  : Running the evict task with compensationTime 0ms
2023-01-13 05:51:41.061  INFO 23036 --- [ReplicaAwareInstanceRegistry - RenewalThresholdUpdater] c.n.e.r.PeerAwareInstanceRegistryImpl    : Current renewal threshold is : 10
2023-01-13 05:51:41.171  INFO 23036 --- [Eureka-EvictionTimer] c.n.e.registry.AbstractInstanceRegistry  : Running the evict task with compensationTime 7ms
2023-01-13 05:52:41.171  INFO 23036 --- [Eureka-EvictionTimer] c.n.e.registry.AbstractInstanceRegistry  : Running the evict task with compensationTime 0ms
2023-01-13 05:53:41.171  INFO 23036 --- [Eureka-EvictionTimer] c.n.e.registry.AbstractInstanceRegistry  : Running the evict task with compensationTime 0ms
2023-01-13 05:54:41.173  INFO 23036 --- [Eureka-EvictionTimer] c.n.e.registry.AbstractInstanceRegistry  : Running the evict task with compensationTime 1ms
2023-01-13 05:55:41.174  INFO 23036 --- [Eureka-EvictionTimer] c.n.e.registry.AbstractInstanceRegistry  : Running the evict task with compensationTime 0ms
2023-01-13 05:56:41.174  INFO 23036 --- [Eureka-EvictionTimer] c.n.e.registry.AbstractInstanceRegistry  : Running the evict task with compensationTime 11ms
2023-01-13 05:57:03.309  INFO 23036 --- [http-nio-9713-exec-4] c.n.e.registry.AbstractInstanceRegistry  : Registered instance EMPLOYEE-SERVICE/host.docker.internal:employee-service:9705 with status UP (replication=false)
2023-01-13 05:57:03.358  INFO 23036 --- [http-nio-9713-exec-5] c.n.e.registry.AbstractInstanceRegistry  : Registered instance EMPLOYEE-SERVICE/host.docker.internal:employee-service:9705 with status UP (replication=true)
2023-01-13 05:57:41.174  INFO 23036 --- [Eureka-EvictionTimer] c.n.e.registry.AbstractInstanceRegistry  : Running the evict task with compensationTime 19ms
2023-01-13 05:58:41.175  INFO 23036 --- [Eureka-EvictionTimer] c.n.e.registry.AbstractInstanceRegistry  : Running the evict task with compensationTime 19ms
2023-01-13 05:59:41.175  INFO 23036 --- [Eureka-EvictionTimer] c.n.e.registry.AbstractInstanceRegistry  : Running the evict task with compensationTime 20ms
2023-01-13 06:00:41.176  INFO 23036 --- [Eureka-EvictionTimer] c.n.e.registry.AbstractInstanceRegistry  : Running the evict task with compensationTime 20ms
2023-01-13 06:01:41.176  INFO 23036 --- [Eureka-EvictionTimer] c.n.e.registry.AbstractInstanceRegistry  : Running the evict task with compensationTime 9ms
2023-01-13 06:02:41.176  INFO 23036 --- [Eureka-EvictionTimer] c.n.e.registry.AbstractInstanceRegistry  : Running the evict task with compensationTime 0ms
2023-01-13 06:03:41.176  INFO 23036 --- [Eureka-EvictionTimer] c.n.e.registry.AbstractInstanceRegistry  : Running the evict task with compensationTime 0ms
2023-01-13 06:04:41.177  INFO 23036 --- [Eureka-EvictionTimer] c.n.e.registry.AbstractInstanceRegistry  : Running the evict task with compensationTime 0ms
2023-01-13 06:05:41.177  INFO 23036 --- [Eureka-EvictionTimer] c.n.e.registry.AbstractInstanceRegistry  : Running the evict task with compensationTime 1ms
2023-01-13 06:06:41.061  INFO 23036 --- [ReplicaAwareInstanceRegistry - RenewalThresholdUpdater] c.n.e.r.PeerAwareInstanceRegistryImpl    : Current renewal threshold is : 10
2023-01-13 06:06:41.178  INFO 23036 --- [Eureka-EvictionTimer] c.n.e.registry.AbstractInstanceRegistry  : Running the evict task with compensationTime 0ms
2023-01-13 06:07:41.178  INFO 23036 --- [Eureka-EvictionTimer] c.n.e.registry.AbstractInstanceRegistry  : Running the evict task with compensationTime 0ms
2023-01-13 06:08:41.179  INFO 23036 --- [Eureka-EvictionTimer] c.n.e.registry.AbstractInstanceRegistry  : Running the evict task with compensationTime 1ms
2023-01-13 06:09:41.179  INFO 23036 --- [Eureka-EvictionTimer] c.n.e.registry.AbstractInstanceRegistry  : Running the evict task with compensationTime 0ms
2023-01-13 06:10:41.189  INFO 23036 --- [Eureka-EvictionTimer] c.n.e.registry.AbstractInstanceRegistry  : Running the evict task with compensationTime 10ms
2023-01-13 06:11:41.194  INFO 23036 --- [Eureka-EvictionTimer] c.n.e.registry.AbstractInstanceRegistry  : Running the evict task with compensationTime 5ms
2023-01-13 06:12:27.633  INFO 23036 --- [http-nio-9713-exec-2] c.n.e.registry.AbstractInstanceRegistry  : Registered instance AUTH-SERVER/host.docker.internal:auth-server:9701 with status DOWN (replication=false)
2023-01-13 06:12:28.346 ERROR 23036 --- [TaskBatchingWorker-target_localhost-2] c.n.e.cluster.ReplicationTaskProcessor   : It seems to be a socket read timeout exception, it will retry later. if it continues to happen and some eureka node occupied all the cpu time, you should set property 'eureka.server.peer-node-read-timeout-ms' to a bigger value

com.sun.jersey.api.client.ClientHandlerException: java.net.SocketTimeoutException: Read timed out
	at com.sun.jersey.client.apache4.ApacheHttpClient4Handler.handle(ApacheHttpClient4Handler.java:187) ~[jersey-apache-client4-1.19.1.jar:1.19.1]
	at com.netflix.eureka.cluster.DynamicGZIPContentEncodingFilter.handle(DynamicGZIPContentEncodingFilter.java:48) ~[eureka-core-1.10.17.jar:1.10.17]
	at com.netflix.discovery.EurekaIdentityHeaderFilter.handle(EurekaIdentityHeaderFilter.java:27) ~[eureka-client-1.10.17.jar:1.10.17]
	at com.sun.jersey.api.client.Client.handle(Client.java:652) ~[jersey-client-1.19.4.jar:1.19.4]
	at com.sun.jersey.api.client.WebResource.handle(WebResource.java:682) ~[jersey-client-1.19.4.jar:1.19.4]
	at com.sun.jersey.api.client.WebResource.access$200(WebResource.java:74) ~[jersey-client-1.19.4.jar:1.19.4]
	at com.sun.jersey.api.client.WebResource$Builder.post(WebResource.java:570) ~[jersey-client-1.19.4.jar:1.19.4]
	at com.netflix.eureka.transport.JerseyReplicationClient.submitBatchUpdates(JerseyReplicationClient.java:117) ~[eureka-core-1.10.17.jar:1.10.17]
	at com.netflix.eureka.cluster.ReplicationTaskProcessor.process(ReplicationTaskProcessor.java:80) ~[eureka-core-1.10.17.jar:1.10.17]
	at com.netflix.eureka.util.batcher.TaskExecutors$BatchWorkerRunnable.run(TaskExecutors.java:190) ~[eureka-core-1.10.17.jar:1.10.17]
	at java.base/java.lang.Thread.run(Thread.java:833) ~[na:na]
Caused by: java.net.SocketTimeoutException: Read timed out
	at java.base/sun.nio.ch.NioSocketImpl.timedRead(NioSocketImpl.java:283) ~[na:na]
	at java.base/sun.nio.ch.NioSocketImpl.implRead(NioSocketImpl.java:309) ~[na:na]
	at java.base/sun.nio.ch.NioSocketImpl.read(NioSocketImpl.java:350) ~[na:na]
	at java.base/sun.nio.ch.NioSocketImpl$1.read(NioSocketImpl.java:803) ~[na:na]
	at java.base/java.net.Socket$SocketInputStream.read(Socket.java:966) ~[na:na]
	at org.apache.http.impl.io.AbstractSessionInputBuffer.fillBuffer(AbstractSessionInputBuffer.java:161) ~[httpcore-4.4.15.jar:4.4.15]
	at org.apache.http.impl.io.SocketInputBuffer.fillBuffer(SocketInputBuffer.java:82) ~[httpcore-4.4.15.jar:4.4.15]
	at org.apache.http.impl.io.AbstractSessionInputBuffer.readLine(AbstractSessionInputBuffer.java:276) ~[httpcore-4.4.15.jar:4.4.15]
	at org.apache.http.impl.conn.DefaultHttpResponseParser.parseHead(DefaultHttpResponseParser.java:138) ~[httpclient-4.5.13.jar:4.5.13]
	at org.apache.http.impl.conn.DefaultHttpResponseParser.parseHead(DefaultHttpResponseParser.java:56) ~[httpclient-4.5.13.jar:4.5.13]
	at org.apache.http.impl.io.AbstractMessageParser.parse(AbstractMessageParser.java:259) ~[httpcore-4.4.15.jar:4.4.15]
	at org.apache.http.impl.AbstractHttpClientConnection.receiveResponseHeader(AbstractHttpClientConnection.java:294) ~[httpcore-4.4.15.jar:4.4.15]
	at org.apache.http.impl.conn.DefaultClientConnection.receiveResponseHeader(DefaultClientConnection.java:257) ~[httpclient-4.5.13.jar:4.5.13]
	at org.apache.http.impl.conn.AbstractClientConnAdapter.receiveResponseHeader(AbstractClientConnAdapter.java:230) ~[httpclient-4.5.13.jar:4.5.13]
	at org.apache.http.protocol.HttpRequestExecutor.doReceiveResponse(HttpRequestExecutor.java:273) ~[httpcore-4.4.15.jar:4.4.15]
	at org.apache.http.protocol.HttpRequestExecutor.execute(HttpRequestExecutor.java:125) ~[httpcore-4.4.15.jar:4.4.15]
	at org.apache.http.impl.client.DefaultRequestDirector.tryExecute(DefaultRequestDirector.java:679) ~[httpclient-4.5.13.jar:4.5.13]
	at org.apache.http.impl.client.DefaultRequestDirector.execute(DefaultRequestDirector.java:481) ~[httpclient-4.5.13.jar:4.5.13]
	at org.apache.http.impl.client.AbstractHttpClient.doExecute(AbstractHttpClient.java:835) ~[httpclient-4.5.13.jar:4.5.13]
	at org.apache.http.impl.client.CloseableHttpClient.execute(CloseableHttpClient.java:118) ~[httpclient-4.5.13.jar:4.5.13]
	at org.apache.http.impl.client.CloseableHttpClient.execute(CloseableHttpClient.java:56) ~[httpclient-4.5.13.jar:4.5.13]
	at com.sun.jersey.client.apache4.ApacheHttpClient4Handler.handle(ApacheHttpClient4Handler.java:173) ~[jersey-apache-client4-1.19.1.jar:1.19.1]
	... 10 common frames omitted

2023-01-13 06:12:28.364  INFO 23036 --- [http-nio-9713-exec-7] c.n.e.registry.AbstractInstanceRegistry  : Registered instance AUTH-SERVER/host.docker.internal:auth-server:9701 with status DOWN (replication=true)
2023-01-13 06:12:29.403  INFO 23036 --- [http-nio-9713-exec-4] c.n.e.registry.AbstractInstanceRegistry  : Registered instance AUTH-SERVER/host.docker.internal:auth-server:9701 with status DOWN (replication=true)
2023-01-13 06:12:33.919  INFO 23036 --- [http-nio-9713-exec-3] c.n.e.registry.AbstractInstanceRegistry  : Cancelled instance AUTH-SERVER/host.docker.internal:auth-server:9701 (replication=false)
2023-01-13 06:12:34.428  WARN 23036 --- [http-nio-9713-exec-2] c.n.e.registry.AbstractInstanceRegistry  : DS: Registry: cancel failed because Lease is not registered for: AUTH-SERVER/host.docker.internal:auth-server:9701
2023-01-13 06:12:34.429  INFO 23036 --- [http-nio-9713-exec-2] c.n.eureka.resources.InstanceResource    : Not Found (Cancel): AUTH-SERVER - host.docker.internal:auth-server:9701
2023-01-13 06:12:34.430  WARN 23036 --- [TaskBatchingWorker-target_localhost-14] c.n.eureka.cluster.ReplicationTask       : The replication of task AUTH-SERVER/host.docker.internal:auth-server:9701:Cancel@localhost failed with response code 404
2023-01-13 06:12:34.431  WARN 23036 --- [TaskBatchingWorker-target_localhost-14] c.netflix.eureka.cluster.PeerEurekaNode  : AUTH-SERVER/host.docker.internal:auth-server:9701:Cancel@localhost: missing entry.
2023-01-13 06:12:41.194  INFO 23036 --- [Eureka-EvictionTimer] c.n.e.registry.AbstractInstanceRegistry  : Running the evict task with compensationTime 0ms
2023-01-13 06:13:01.161  INFO 23036 --- [http-nio-9713-exec-2] c.n.e.registry.AbstractInstanceRegistry  : Registered instance AUTH-SERVER/host.docker.internal:auth-server:9701 with status UP (replication=false)
2023-01-13 06:13:01.671  INFO 23036 --- [http-nio-9713-exec-9] c.n.e.registry.AbstractInstanceRegistry  : Registered instance AUTH-SERVER/host.docker.internal:auth-server:9701 with status UP (replication=true)
2023-01-13 06:13:41.195  INFO 23036 --- [Eureka-EvictionTimer] c.n.e.registry.AbstractInstanceRegistry  : Running the evict task with compensationTime 0ms
2023-01-13 06:14:41.197  INFO 23036 --- [Eureka-EvictionTimer] c.n.e.registry.AbstractInstanceRegistry  : Running the evict task with compensationTime 0ms
2023-01-13 06:15:41.198  INFO 23036 --- [Eureka-EvictionTimer] c.n.e.registry.AbstractInstanceRegistry  : Running the evict task with compensationTime 0ms
2023-01-13 06:16:41.200  INFO 23036 --- [Eureka-EvictionTimer] c.n.e.registry.AbstractInstanceRegistry  : Running the evict task with compensationTime 0ms
2023-01-13 06:17:41.202  INFO 23036 --- [Eureka-EvictionTimer] c.n.e.registry.AbstractInstanceRegistry  : Running the evict task with compensationTime 0ms
2023-01-13 06:18:41.202  INFO 23036 --- [Eureka-EvictionTimer] c.n.e.registry.AbstractInstanceRegistry  : Running the evict task with compensationTime 0ms
2023-01-13 06:19:41.203  INFO 23036 --- [Eureka-EvictionTimer] c.n.e.registry.AbstractInstanceRegistry  : Running the evict task with compensationTime 0ms
2023-01-13 06:20:41.204  INFO 23036 --- [Eureka-EvictionTimer] c.n.e.registry.AbstractInstanceRegistry  : Running the evict task with compensationTime 1ms
2023-01-13 06:21:41.066  INFO 23036 --- [ReplicaAwareInstanceRegistry - RenewalThresholdUpdater] c.n.e.r.PeerAwareInstanceRegistryImpl    : Current renewal threshold is : 10
2023-01-13 06:21:41.204  INFO 23036 --- [Eureka-EvictionTimer] c.n.e.registry.AbstractInstanceRegistry  : Running the evict task with compensationTime 0ms
2023-01-13 06:22:41.209  INFO 23036 --- [Eureka-EvictionTimer] c.n.e.registry.AbstractInstanceRegistry  : Running the evict task with compensationTime 5ms
2023-01-13 06:23:41.209  INFO 23036 --- [Eureka-EvictionTimer] c.n.e.registry.AbstractInstanceRegistry  : Running the evict task with compensationTime 0ms
2023-01-13 06:24:41.209  INFO 23036 --- [Eureka-EvictionTimer] c.n.e.registry.AbstractInstanceRegistry  : Running the evict task with compensationTime 0ms
2023-01-13 06:25:41.211  INFO 23036 --- [Eureka-EvictionTimer] c.n.e.registry.AbstractInstanceRegistry  : Running the evict task with compensationTime 1ms
2023-01-13 06:26:41.234  INFO 23036 --- [Eureka-EvictionTimer] c.n.e.registry.AbstractInstanceRegistry  : Running the evict task with compensationTime 23ms
2023-01-13 06:27:07.231  INFO 23036 --- [http-nio-9713-exec-1] c.n.e.registry.AbstractInstanceRegistry  : Registered instance EMPLOYEE-SERVICE/host.docker.internal:employee-service:9705 with status DOWN (replication=false)
2023-01-13 06:27:07.734  INFO 23036 --- [http-nio-9713-exec-3] c.n.e.registry.AbstractInstanceRegistry  : Registered instance EMPLOYEE-SERVICE/host.docker.internal:employee-service:9705 with status DOWN (replication=true)
2023-01-13 06:27:12.336  INFO 23036 --- [http-nio-9713-exec-8] c.n.e.registry.AbstractInstanceRegistry  : Cancelled instance EMPLOYEE-SERVICE/host.docker.internal:employee-service:9705 (replication=false)
2023-01-13 06:27:12.839  WARN 23036 --- [http-nio-9713-exec-3] c.n.e.registry.AbstractInstanceRegistry  : DS: Registry: cancel failed because Lease is not registered for: EMPLOYEE-SERVICE/host.docker.internal:employee-service:9705
2023-01-13 06:27:12.839  INFO 23036 --- [http-nio-9713-exec-3] c.n.eureka.resources.InstanceResource    : Not Found (Cancel): EMPLOYEE-SERVICE - host.docker.internal:employee-service:9705
2023-01-13 06:27:12.840  WARN 23036 --- [TaskBatchingWorker-target_localhost-1] c.n.eureka.cluster.ReplicationTask       : The replication of task EMPLOYEE-SERVICE/host.docker.internal:employee-service:9705:Cancel@localhost failed with response code 404
2023-01-13 06:27:12.841  WARN 23036 --- [TaskBatchingWorker-target_localhost-1] c.netflix.eureka.cluster.PeerEurekaNode  : EMPLOYEE-SERVICE/host.docker.internal:employee-service:9705:Cancel@localhost: missing entry.
2023-01-13 06:27:41.236  INFO 23036 --- [Eureka-EvictionTimer] c.n.e.registry.AbstractInstanceRegistry  : Running the evict task with compensationTime 1ms
2023-01-13 06:27:45.674  INFO 23036 --- [http-nio-9713-exec-6] c.n.e.registry.AbstractInstanceRegistry  : Registered instance EMPLOYEE-SERVICE/host.docker.internal:employee-service:9705 with status UP (replication=false)
2023-01-13 06:27:46.178  INFO 23036 --- [http-nio-9713-exec-10] c.n.e.registry.AbstractInstanceRegistry  : Registered instance EMPLOYEE-SERVICE/host.docker.internal:employee-service:9705 with status UP (replication=true)
2023-01-13 06:28:41.237  INFO 23036 --- [Eureka-EvictionTimer] c.n.e.registry.AbstractInstanceRegistry  : Running the evict task with compensationTime 0ms
2023-01-13 06:29:41.237  INFO 23036 --- [Eureka-EvictionTimer] c.n.e.registry.AbstractInstanceRegistry  : Running the evict task with compensationTime 0ms
2023-01-13 06:30:41.251  INFO 23036 --- [Eureka-EvictionTimer] c.n.e.registry.AbstractInstanceRegistry  : Running the evict task with compensationTime 12ms
2023-01-13 06:31:41.256  INFO 23036 --- [Eureka-EvictionTimer] c.n.e.registry.AbstractInstanceRegistry  : Running the evict task with compensationTime 2ms
2023-01-13 06:32:41.263  INFO 23036 --- [Eureka-EvictionTimer] c.n.e.registry.AbstractInstanceRegistry  : Running the evict task with compensationTime 4ms
2023-01-13 06:33:41.274  INFO 23036 --- [Eureka-EvictionTimer] c.n.e.registry.AbstractInstanceRegistry  : Running the evict task with compensationTime 7ms
2023-01-13 06:34:41.284  INFO 23036 --- [Eureka-EvictionTimer] c.n.e.registry.AbstractInstanceRegistry  : Running the evict task with compensationTime 8ms
2023-01-13 06:35:41.298  INFO 23036 --- [Eureka-EvictionTimer] c.n.e.registry.AbstractInstanceRegistry  : Running the evict task with compensationTime 13ms
2023-01-13 06:36:41.078  INFO 23036 --- [ReplicaAwareInstanceRegistry - RenewalThresholdUpdater] c.n.e.r.PeerAwareInstanceRegistryImpl    : Current renewal threshold is : 10
2023-01-13 06:36:41.305  INFO 23036 --- [Eureka-EvictionTimer] c.n.e.registry.AbstractInstanceRegistry  : Running the evict task with compensationTime 6ms
2023-01-13 06:37:41.314  INFO 23036 --- [Eureka-EvictionTimer] c.n.e.registry.AbstractInstanceRegistry  : Running the evict task with compensationTime 8ms
2023-01-13 06:38:41.320  INFO 23036 --- [Eureka-EvictionTimer] c.n.e.registry.AbstractInstanceRegistry  : Running the evict task with compensationTime 5ms
2023-01-13 06:39:41.330  INFO 23036 --- [Eureka-EvictionTimer] c.n.e.registry.AbstractInstanceRegistry  : Running the evict task with compensationTime 10ms
2023-01-13 06:40:41.331  INFO 23036 --- [Eureka-EvictionTimer] c.n.e.registry.AbstractInstanceRegistry  : Running the evict task with compensationTime 1ms
2023-01-13 06:41:41.331  INFO 23036 --- [Eureka-EvictionTimer] c.n.e.registry.AbstractInstanceRegistry  : Running the evict task with compensationTime 0ms
2023-01-13 06:42:41.340  INFO 23036 --- [Eureka-EvictionTimer] c.n.e.registry.AbstractInstanceRegistry  : Running the evict task with compensationTime 8ms
2023-01-13 06:43:41.340  INFO 23036 --- [Eureka-EvictionTimer] c.n.e.registry.AbstractInstanceRegistry  : Running the evict task with compensationTime 0ms
2023-01-13 06:44:41.350  INFO 23036 --- [Eureka-EvictionTimer] c.n.e.registry.AbstractInstanceRegistry  : Running the evict task with compensationTime 9ms
2023-01-13 06:45:41.350  INFO 23036 --- [Eureka-EvictionTimer] c.n.e.registry.AbstractInstanceRegistry  : Running the evict task with compensationTime 1ms
2023-01-13 06:46:41.353  INFO 23036 --- [Eureka-EvictionTimer] c.n.e.registry.AbstractInstanceRegistry  : Running the evict task with compensationTime 2ms
2023-01-13 06:47:41.361  INFO 23036 --- [Eureka-EvictionTimer] c.n.e.registry.AbstractInstanceRegistry  : Running the evict task with compensationTime 4ms
2023-01-13 06:48:41.368  INFO 23036 --- [Eureka-EvictionTimer] c.n.e.registry.AbstractInstanceRegistry  : Running the evict task with compensationTime 1ms
2023-01-13 06:49:41.378  INFO 23036 --- [Eureka-EvictionTimer] c.n.e.registry.AbstractInstanceRegistry  : Running the evict task with compensationTime 4ms
2023-01-13 06:50:41.397  INFO 23036 --- [Eureka-EvictionTimer] c.n.e.registry.AbstractInstanceRegistry  : Running the evict task with compensationTime 12ms
2023-01-13 06:51:41.116  INFO 23036 --- [ReplicaAwareInstanceRegistry - RenewalThresholdUpdater] c.n.e.r.PeerAwareInstanceRegistryImpl    : Current renewal threshold is : 10
2023-01-13 06:51:41.408  INFO 23036 --- [Eureka-EvictionTimer] c.n.e.registry.AbstractInstanceRegistry  : Running the evict task with compensationTime 5ms
2023-01-13 06:52:41.414  INFO 23036 --- [Eureka-EvictionTimer] c.n.e.registry.AbstractInstanceRegistry  : Running the evict task with compensationTime 2ms
2023-01-13 06:53:41.420  INFO 23036 --- [Eureka-EvictionTimer] c.n.e.registry.AbstractInstanceRegistry  : Running the evict task with compensationTime 3ms
2023-01-13 06:54:41.425  INFO 23036 --- [Eureka-EvictionTimer] c.n.e.registry.AbstractInstanceRegistry  : Running the evict task with compensationTime 2ms
2023-01-13 06:55:41.440  INFO 23036 --- [Eureka-EvictionTimer] c.n.e.registry.AbstractInstanceRegistry  : Running the evict task with compensationTime 12ms
2023-01-13 06:56:41.446  INFO 23036 --- [Eureka-EvictionTimer] c.n.e.registry.AbstractInstanceRegistry  : Running the evict task with compensationTime 3ms
2023-01-13 06:57:41.464  INFO 23036 --- [Eureka-EvictionTimer] c.n.e.registry.AbstractInstanceRegistry  : Running the evict task with compensationTime 15ms
2023-01-13 06:58:41.475  INFO 23036 --- [Eureka-EvictionTimer] c.n.e.registry.AbstractInstanceRegistry  : Running the evict task with compensationTime 10ms
2023-01-13 06:59:41.486  INFO 23036 --- [Eureka-EvictionTimer] c.n.e.registry.AbstractInstanceRegistry  : Running the evict task with compensationTime 9ms
2023-01-13 08:58:10.655  INFO 23036 --- [Eureka-EvictionTimer] c.n.e.registry.AbstractInstanceRegistry  : Running the evict task with compensationTime 7049178ms
2023-01-13 08:59:10.659  INFO 23036 --- [Eureka-EvictionTimer] c.n.e.registry.AbstractInstanceRegistry  : Running the evict task with compensationTime 4ms
2023-01-13 09:00:10.667  INFO 23036 --- [Eureka-EvictionTimer] c.n.e.registry.AbstractInstanceRegistry  : Running the evict task with compensationTime 8ms
2023-01-13 09:01:10.668  INFO 23036 --- [Eureka-EvictionTimer] c.n.e.registry.AbstractInstanceRegistry  : Running the evict task with compensationTime 1ms
2023-01-13 09:02:10.674  INFO 23036 --- [Eureka-EvictionTimer] c.n.e.registry.AbstractInstanceRegistry  : Running the evict task with compensationTime 5ms
2023-01-13 09:03:10.681  INFO 23036 --- [Eureka-EvictionTimer] c.n.e.registry.AbstractInstanceRegistry  : Running the evict task with compensationTime 7ms
2023-01-13 09:04:10.299  INFO 23036 --- [ReplicaAwareInstanceRegistry - RenewalThresholdUpdater] c.n.e.r.PeerAwareInstanceRegistryImpl    : Current renewal threshold is : 10
2023-01-13 09:04:10.691  INFO 23036 --- [Eureka-EvictionTimer] c.n.e.registry.AbstractInstanceRegistry  : Running the evict task with compensationTime 9ms
2023-01-13 09:05:10.695  INFO 23036 --- [Eureka-EvictionTimer] c.n.e.registry.AbstractInstanceRegistry  : Running the evict task with compensationTime 3ms
2023-01-13 09:06:10.702  INFO 23036 --- [Eureka-EvictionTimer] c.n.e.registry.AbstractInstanceRegistry  : Running the evict task with compensationTime 7ms
2023-01-13 09:07:10.708  INFO 23036 --- [Eureka-EvictionTimer] c.n.e.registry.AbstractInstanceRegistry  : Running the evict task with compensationTime 5ms
2023-01-13 09:08:10.709  INFO 23036 --- [Eureka-EvictionTimer] c.n.e.registry.AbstractInstanceRegistry  : Running the evict task with compensationTime 0ms
2023-01-13 09:09:10.718  INFO 23036 --- [Eureka-EvictionTimer] c.n.e.registry.AbstractInstanceRegistry  : Running the evict task with compensationTime 2ms
2023-01-13 09:10:10.741  INFO 23036 --- [Eureka-EvictionTimer] c.n.e.registry.AbstractInstanceRegistry  : Running the evict task with compensationTime 6ms
2023-01-13 09:11:10.757  INFO 23036 --- [Eureka-EvictionTimer] c.n.e.registry.AbstractInstanceRegistry  : Running the evict task with compensationTime 0ms
2023-01-13 09:12:10.782  INFO 23036 --- [Eureka-EvictionTimer] c.n.e.registry.AbstractInstanceRegistry  : Running the evict task with compensationTime 7ms
2023-01-13 09:13:10.803  INFO 23036 --- [Eureka-EvictionTimer] c.n.e.registry.AbstractInstanceRegistry  : Running the evict task with compensationTime 4ms
2023-01-13 09:14:10.823  INFO 23036 --- [Eureka-EvictionTimer] c.n.e.registry.AbstractInstanceRegistry  : Running the evict task with compensationTime 9ms
2023-01-13 09:15:10.828  INFO 23036 --- [Eureka-EvictionTimer] c.n.e.registry.AbstractInstanceRegistry  : Running the evict task with compensationTime 4ms
2023-01-13 09:16:10.834  INFO 23036 --- [Eureka-EvictionTimer] c.n.e.registry.AbstractInstanceRegistry  : Running the evict task with compensationTime 6ms
2023-01-13 09:17:10.841  INFO 23036 --- [Eureka-EvictionTimer] c.n.e.registry.AbstractInstanceRegistry  : Running the evict task with compensationTime 6ms
2023-01-13 09:18:10.850  INFO 23036 --- [Eureka-EvictionTimer] c.n.e.registry.AbstractInstanceRegistry  : Running the evict task with compensationTime 8ms
2023-01-13 09:19:10.397  INFO 23036 --- [ReplicaAwareInstanceRegistry - RenewalThresholdUpdater] c.n.e.r.PeerAwareInstanceRegistryImpl    : Current renewal threshold is : 10
2023-01-13 09:19:10.851  INFO 23036 --- [Eureka-EvictionTimer] c.n.e.registry.AbstractInstanceRegistry  : Running the evict task with compensationTime 0ms
2023-01-13 09:20:10.857  INFO 23036 --- [Eureka-EvictionTimer] c.n.e.registry.AbstractInstanceRegistry  : Running the evict task with compensationTime 6ms
2023-01-13 09:21:10.862  INFO 23036 --- [Eureka-EvictionTimer] c.n.e.registry.AbstractInstanceRegistry  : Running the evict task with compensationTime 4ms
2023-01-13 09:22:10.864  INFO 23036 --- [Eureka-EvictionTimer] c.n.e.registry.AbstractInstanceRegistry  : Running the evict task with compensationTime 2ms
2023-01-13 09:23:10.870  INFO 23036 --- [Eureka-EvictionTimer] c.n.e.registry.AbstractInstanceRegistry  : Running the evict task with compensationTime 6ms
2023-01-13 09:24:10.877  INFO 23036 --- [Eureka-EvictionTimer] c.n.e.registry.AbstractInstanceRegistry  : Running the evict task with compensationTime 6ms
2023-01-13 09:25:10.885  INFO 23036 --- [Eureka-EvictionTimer] c.n.e.registry.AbstractInstanceRegistry  : Running the evict task with compensationTime 8ms
2023-01-13 09:26:10.892  INFO 23036 --- [Eureka-EvictionTimer] c.n.e.registry.AbstractInstanceRegistry  : Running the evict task with compensationTime 4ms
2023-01-13 09:27:10.909  INFO 23036 --- [Eureka-EvictionTimer] c.n.e.registry.AbstractInstanceRegistry  : Running the evict task with compensationTime 10ms
2023-01-13 09:28:10.925  INFO 23036 --- [Eureka-EvictionTimer] c.n.e.registry.AbstractInstanceRegistry  : Running the evict task with compensationTime 9ms
2023-01-13 09:29:10.932  INFO 23036 --- [Eureka-EvictionTimer] c.n.e.registry.AbstractInstanceRegistry  : Running the evict task with compensationTime 0ms
2023-01-13 09:30:10.946  INFO 23036 --- [Eureka-EvictionTimer] c.n.e.registry.AbstractInstanceRegistry  : Running the evict task with compensationTime 6ms
2023-01-13 09:31:10.956  INFO 23036 --- [Eureka-EvictionTimer] c.n.e.registry.AbstractInstanceRegistry  : Running the evict task with compensationTime 3ms
2023-01-13 09:32:10.957  INFO 23036 --- [Eureka-EvictionTimer] c.n.e.registry.AbstractInstanceRegistry  : Running the evict task with compensationTime 1ms
2023-01-13 09:33:10.958  INFO 23036 --- [Eureka-EvictionTimer] c.n.e.registry.AbstractInstanceRegistry  : Running the evict task with compensationTime 0ms
2023-01-13 09:33:49.738  INFO 23036 --- [http-nio-9713-exec-5] c.n.e.registry.AbstractInstanceRegistry  : Registered instance CORPORATE-SERVICE/host.docker.internal:corporate-service:9703 with status DOWN (replication=false)
2023-01-13 09:33:50.243  INFO 23036 --- [http-nio-9713-exec-1] c.n.e.registry.AbstractInstanceRegistry  : Registered instance CORPORATE-SERVICE/host.docker.internal:corporate-service:9703 with status DOWN (replication=true)
2023-01-13 09:33:55.280  INFO 23036 --- [http-nio-9713-exec-7] c.n.e.registry.AbstractInstanceRegistry  : Cancelled instance CORPORATE-SERVICE/host.docker.internal:corporate-service:9703 (replication=false)
2023-01-13 09:33:55.788  WARN 23036 --- [http-nio-9713-exec-10] c.n.e.registry.AbstractInstanceRegistry  : DS: Registry: cancel failed because Lease is not registered for: CORPORATE-SERVICE/host.docker.internal:corporate-service:9703
2023-01-13 09:33:55.789  INFO 23036 --- [http-nio-9713-exec-10] c.n.eureka.resources.InstanceResource    : Not Found (Cancel): CORPORATE-SERVICE - host.docker.internal:corporate-service:9703
2023-01-13 09:33:55.791  WARN 23036 --- [TaskBatchingWorker-target_localhost-15] c.n.eureka.cluster.ReplicationTask       : The replication of task CORPORATE-SERVICE/host.docker.internal:corporate-service:9703:Cancel@localhost failed with response code 404
2023-01-13 09:33:55.793  WARN 23036 --- [TaskBatchingWorker-target_localhost-15] c.netflix.eureka.cluster.PeerEurekaNode  : CORPORATE-SERVICE/host.docker.internal:corporate-service:9703:Cancel@localhost: missing entry.
2023-01-13 09:34:10.544  INFO 23036 --- [ReplicaAwareInstanceRegistry - RenewalThresholdUpdater] c.n.e.r.PeerAwareInstanceRegistryImpl    : Current renewal threshold is : 10
2023-01-13 09:34:11.382  INFO 23036 --- [Eureka-EvictionTimer] c.n.e.registry.AbstractInstanceRegistry  : Running the evict task with compensationTime 424ms
2023-01-13 09:34:59.200  INFO 23036 --- [http-nio-9713-exec-8] c.n.e.registry.AbstractInstanceRegistry  : Registered instance CORPORATE-SERVICE/localhost:corporate-service:9703 with status UP (replication=false)
2023-01-13 09:34:59.711  INFO 23036 --- [http-nio-9713-exec-11] c.n.e.registry.AbstractInstanceRegistry  : Registered instance CORPORATE-SERVICE/localhost:corporate-service:9703 with status UP (replication=true)
2023-01-13 09:35:11.383  INFO 23036 --- [Eureka-EvictionTimer] c.n.e.registry.AbstractInstanceRegistry  : Running the evict task with compensationTime 1ms
2023-01-13 09:36:11.383  INFO 23036 --- [Eureka-EvictionTimer] c.n.e.registry.AbstractInstanceRegistry  : Running the evict task with compensationTime 0ms
2023-01-13 09:37:11.383  INFO 23036 --- [Eureka-EvictionTimer] c.n.e.registry.AbstractInstanceRegistry  : Running the evict task with compensationTime 0ms
2023-01-13 09:38:11.383  INFO 23036 --- [Eureka-EvictionTimer] c.n.e.registry.AbstractInstanceRegistry  : Running the evict task with compensationTime 0ms
2023-01-13 09:39:11.384  INFO 23036 --- [Eureka-EvictionTimer] c.n.e.registry.AbstractInstanceRegistry  : Running the evict task with compensationTime 0ms
2023-01-13 09:40:11.385  INFO 23036 --- [Eureka-EvictionTimer] c.n.e.registry.AbstractInstanceRegistry  : Running the evict task with compensationTime 0ms
2023-01-13 09:41:11.385  INFO 23036 --- [Eureka-EvictionTimer] c.n.e.registry.AbstractInstanceRegistry  : Running the evict task with compensationTime 0ms
2023-01-13 09:42:11.385  INFO 23036 --- [Eureka-EvictionTimer] c.n.e.registry.AbstractInstanceRegistry  : Running the evict task with compensationTime 0ms
2023-01-13 09:43:11.386  INFO 23036 --- [Eureka-EvictionTimer] c.n.e.registry.AbstractInstanceRegistry  : Running the evict task with compensationTime 1ms
2023-01-13 09:44:11.386  INFO 23036 --- [Eureka-EvictionTimer] c.n.e.registry.AbstractInstanceRegistry  : Running the evict task with compensationTime 109ms
2023-01-13 09:45:11.387  INFO 23036 --- [Eureka-EvictionTimer] c.n.e.registry.AbstractInstanceRegistry  : Running the evict task with compensationTime 111ms
2023-01-13 09:46:11.387  INFO 23036 --- [Eureka-EvictionTimer] c.n.e.registry.AbstractInstanceRegistry  : Running the evict task with compensationTime 111ms
2023-01-13 09:47:11.389  INFO 23036 --- [Eureka-EvictionTimer] c.n.e.registry.AbstractInstanceRegistry  : Running the evict task with compensationTime 112ms
2023-01-13 09:48:11.457  INFO 23036 --- [Eureka-EvictionTimer] c.n.e.registry.AbstractInstanceRegistry  : Running the evict task with compensationTime 179ms
2023-01-13 09:49:10.545  INFO 23036 --- [ReplicaAwareInstanceRegistry - RenewalThresholdUpdater] c.n.e.r.PeerAwareInstanceRegistryImpl    : Current renewal threshold is : 10
2023-01-13 09:49:11.456  INFO 23036 --- [Eureka-EvictionTimer] c.n.e.registry.AbstractInstanceRegistry  : Running the evict task with compensationTime 0ms
2023-01-13 09:50:11.456  INFO 23036 --- [Eureka-EvictionTimer] c.n.e.registry.AbstractInstanceRegistry  : Running the evict task with compensationTime 0ms
2023-01-13 09:51:11.457  INFO 23036 --- [Eureka-EvictionTimer] c.n.e.registry.AbstractInstanceRegistry  : Running the evict task with compensationTime 1ms
2023-01-13 09:52:11.458  INFO 23036 --- [Eureka-EvictionTimer] c.n.e.registry.AbstractInstanceRegistry  : Running the evict task with compensationTime 1ms
2023-01-13 09:53:11.462  INFO 23036 --- [Eureka-EvictionTimer] c.n.e.registry.AbstractInstanceRegistry  : Running the evict task with compensationTime 0ms
2023-01-13 09:54:11.458  INFO 23036 --- [Eureka-EvictionTimer] c.n.e.registry.AbstractInstanceRegistry  : Running the evict task with compensationTime 0ms
2023-01-13 09:55:11.458  INFO 23036 --- [Eureka-EvictionTimer] c.n.e.registry.AbstractInstanceRegistry  : Running the evict task with compensationTime 0ms
2023-01-13 09:56:11.459  INFO 23036 --- [Eureka-EvictionTimer] c.n.e.registry.AbstractInstanceRegistry  : Running the evict task with compensationTime 1ms
2023-01-13 09:57:11.459  INFO 23036 --- [Eureka-EvictionTimer] c.n.e.registry.AbstractInstanceRegistry  : Running the evict task with compensationTime 1ms
2023-01-13 09:58:11.459  INFO 23036 --- [Eureka-EvictionTimer] c.n.e.registry.AbstractInstanceRegistry  : Running the evict task with compensationTime 0ms
2023-01-13 09:59:11.459  INFO 23036 --- [Eureka-EvictionTimer] c.n.e.registry.AbstractInstanceRegistry  : Running the evict task with compensationTime 0ms
2023-01-13 10:00:11.460  INFO 23036 --- [Eureka-EvictionTimer] c.n.e.registry.AbstractInstanceRegistry  : Running the evict task with compensationTime 2ms
2023-01-13 10:01:11.462  INFO 23036 --- [Eureka-EvictionTimer] c.n.e.registry.AbstractInstanceRegistry  : Running the evict task with compensationTime 0ms
2023-01-13 10:02:11.464  INFO 23036 --- [Eureka-EvictionTimer] c.n.e.registry.AbstractInstanceRegistry  : Running the evict task with compensationTime 0ms
2023-01-13 10:03:11.466  INFO 23036 --- [Eureka-EvictionTimer] c.n.e.registry.AbstractInstanceRegistry  : Running the evict task with compensationTime 0ms
2023-01-13 10:04:10.550  INFO 23036 --- [ReplicaAwareInstanceRegistry - RenewalThresholdUpdater] c.n.e.r.PeerAwareInstanceRegistryImpl    : Current renewal threshold is : 10
2023-01-13 10:04:11.469  INFO 23036 --- [Eureka-EvictionTimer] c.n.e.registry.AbstractInstanceRegistry  : Running the evict task with compensationTime 1ms
2023-01-13 10:05:11.471  INFO 23036 --- [Eureka-EvictionTimer] c.n.e.registry.AbstractInstanceRegistry  : Running the evict task with compensationTime 1ms
2023-01-13 10:06:11.629  INFO 23036 --- [Eureka-EvictionTimer] c.n.e.registry.AbstractInstanceRegistry  : Running the evict task with compensationTime 157ms
2023-01-13 10:07:11.629  INFO 23036 --- [Eureka-EvictionTimer] c.n.e.registry.AbstractInstanceRegistry  : Running the evict task with compensationTime 0ms
2023-01-13 10:08:11.630  INFO 23036 --- [Eureka-EvictionTimer] c.n.e.registry.AbstractInstanceRegistry  : Running the evict task with compensationTime 1ms
2023-01-13 10:09:11.630  INFO 23036 --- [Eureka-EvictionTimer] c.n.e.registry.AbstractInstanceRegistry  : Running the evict task with compensationTime 0ms
2023-01-13 10:10:11.631  INFO 23036 --- [Eureka-EvictionTimer] c.n.e.registry.AbstractInstanceRegistry  : Running the evict task with compensationTime 0ms
2023-01-13 10:11:11.631  INFO 23036 --- [Eureka-EvictionTimer] c.n.e.registry.AbstractInstanceRegistry  : Running the evict task with compensationTime 0ms
2023-01-13 10:12:11.632  INFO 23036 --- [Eureka-EvictionTimer] c.n.e.registry.AbstractInstanceRegistry  : Running the evict task with compensationTime 1ms
2023-01-13 10:13:11.632  INFO 23036 --- [Eureka-EvictionTimer] c.n.e.registry.AbstractInstanceRegistry  : Running the evict task with compensationTime 0ms
2023-01-13 10:14:11.632  INFO 23036 --- [Eureka-EvictionTimer] c.n.e.registry.AbstractInstanceRegistry  : Running the evict task with compensationTime 0ms
2023-01-13 10:15:11.632  INFO 23036 --- [Eureka-EvictionTimer] c.n.e.registry.AbstractInstanceRegistry  : Running the evict task with compensationTime 0ms
2023-01-13 10:16:11.638  INFO 23036 --- [Eureka-EvictionTimer] c.n.e.registry.AbstractInstanceRegistry  : Running the evict task with compensationTime 7ms
2023-01-13 10:17:11.641  INFO 23036 --- [Eureka-EvictionTimer] c.n.e.registry.AbstractInstanceRegistry  : Running the evict task with compensationTime 3ms
2023-01-13 10:18:11.642  INFO 23036 --- [Eureka-EvictionTimer] c.n.e.registry.AbstractInstanceRegistry  : Running the evict task with compensationTime 0ms
2023-01-13 10:19:10.547  INFO 23036 --- [ReplicaAwareInstanceRegistry - RenewalThresholdUpdater] c.n.e.r.PeerAwareInstanceRegistryImpl    : Current renewal threshold is : 10
2023-01-13 10:19:11.644  INFO 23036 --- [Eureka-EvictionTimer] c.n.e.registry.AbstractInstanceRegistry  : Running the evict task with compensationTime 1ms
2023-01-13 10:20:11.645  INFO 23036 --- [Eureka-EvictionTimer] c.n.e.registry.AbstractInstanceRegistry  : Running the evict task with compensationTime 0ms
2023-01-13 10:21:11.647  INFO 23036 --- [Eureka-EvictionTimer] c.n.e.registry.AbstractInstanceRegistry  : Running the evict task with compensationTime 0ms
2023-01-13 10:22:11.649  INFO 23036 --- [Eureka-EvictionTimer] c.n.e.registry.AbstractInstanceRegistry  : Running the evict task with compensationTime 0ms
2023-01-13 10:23:11.649  INFO 23036 --- [Eureka-EvictionTimer] c.n.e.registry.AbstractInstanceRegistry  : Running the evict task with compensationTime 0ms
2023-01-13 10:24:11.650  INFO 23036 --- [Eureka-EvictionTimer] c.n.e.registry.AbstractInstanceRegistry  : Running the evict task with compensationTime 1ms
2023-01-13 10:25:11.666  INFO 23036 --- [Eureka-EvictionTimer] c.n.e.registry.AbstractInstanceRegistry  : Running the evict task with compensationTime 15ms
2023-01-13 10:26:11.666  INFO 23036 --- [Eureka-EvictionTimer] c.n.e.registry.AbstractInstanceRegistry  : Running the evict task with compensationTime 0ms
2023-01-13 10:27:04.021  INFO 23036 --- [http-nio-9713-exec-1] c.n.e.registry.AbstractInstanceRegistry  : Registered instance AUTH-SERVER/host.docker.internal:auth-server:9701 with status DOWN (replication=false)
2023-01-13 10:27:04.533  INFO 23036 --- [http-nio-9713-exec-5] c.n.e.registry.AbstractInstanceRegistry  : Registered instance AUTH-SERVER/host.docker.internal:auth-server:9701 with status DOWN (replication=true)
2023-01-13 10:27:10.133  INFO 23036 --- [http-nio-9713-exec-2] c.n.e.registry.AbstractInstanceRegistry  : Cancelled instance AUTH-SERVER/host.docker.internal:auth-server:9701 (replication=false)
2023-01-13 10:27:10.677  WARN 23036 --- [http-nio-9713-exec-8] c.n.e.registry.AbstractInstanceRegistry  : DS: Registry: cancel failed because Lease is not registered for: AUTH-SERVER/host.docker.internal:auth-server:9701
2023-01-13 10:27:10.677  INFO 23036 --- [http-nio-9713-exec-8] c.n.eureka.resources.InstanceResource    : Not Found (Cancel): AUTH-SERVER - host.docker.internal:auth-server:9701
2023-01-13 10:27:10.680  WARN 23036 --- [TaskBatchingWorker-target_localhost-4] c.n.eureka.cluster.ReplicationTask       : The replication of task AUTH-SERVER/host.docker.internal:auth-server:9701:Cancel@localhost failed with response code 404
2023-01-13 10:27:10.680  WARN 23036 --- [TaskBatchingWorker-target_localhost-4] c.netflix.eureka.cluster.PeerEurekaNode  : AUTH-SERVER/host.docker.internal:auth-server:9701:Cancel@localhost: missing entry.
2023-01-13 10:27:11.666  INFO 23036 --- [Eureka-EvictionTimer] c.n.e.registry.AbstractInstanceRegistry  : Running the evict task with compensationTime 0ms
2023-01-13 10:28:11.666  INFO 23036 --- [Eureka-EvictionTimer] c.n.e.registry.AbstractInstanceRegistry  : Running the evict task with compensationTime 0ms
2023-01-13 10:29:11.666  INFO 23036 --- [Eureka-EvictionTimer] c.n.e.registry.AbstractInstanceRegistry  : Running the evict task with compensationTime 0ms
2023-01-13 10:30:11.666  INFO 23036 --- [Eureka-EvictionTimer] c.n.e.registry.AbstractInstanceRegistry  : Running the evict task with compensationTime 0ms
2023-01-13 10:31:11.666  INFO 23036 --- [Eureka-EvictionTimer] c.n.e.registry.AbstractInstanceRegistry  : Running the evict task with compensationTime 0ms
2023-01-13 10:32:11.667  INFO 23036 --- [Eureka-EvictionTimer] c.n.e.registry.AbstractInstanceRegistry  : Running the evict task with compensationTime 1ms
2023-01-13 10:33:11.667  INFO 23036 --- [Eureka-EvictionTimer] c.n.e.registry.AbstractInstanceRegistry  : Running the evict task with compensationTime 0ms
2023-01-13 10:34:10.837  INFO 23036 --- [ReplicaAwareInstanceRegistry - RenewalThresholdUpdater] c.n.e.r.PeerAwareInstanceRegistryImpl    : Current renewal threshold is : 8
2023-01-13 10:34:11.789  INFO 23036 --- [Eureka-EvictionTimer] c.n.e.registry.AbstractInstanceRegistry  : Running the evict task with compensationTime 91ms
2023-01-13 10:34:46.658  INFO 23036 --- [SpringApplicationShutdownHook] o.s.c.n.e.s.EurekaServiceRegistry        : Unregistering application DISCOVERY-SERVER with eureka with status DOWN
2023-01-13 10:34:46.919  INFO 23036 --- [SpringApplicationShutdownHook] o.s.c.n.e.server.EurekaServerBootstrap   : Shutting down Eureka Server..
2023-01-13 10:34:46.980  INFO 23036 --- [SpringApplicationShutdownHook] c.n.eureka.DefaultEurekaServerContext    : Shutting down ...
2023-01-13 10:34:46.993  INFO 23036 --- [SpringApplicationShutdownHook] com.netflix.servo.monitor.StatsMonitor   : Attempting to get the value for an expired monitor: eurekaServer.replication.batchSize.Will start computing stats again.
2023-01-13 10:34:47.009  INFO 23036 --- [SpringApplicationShutdownHook] com.netflix.servo.monitor.StatsMonitor   : Attempting to get the value for an expired monitor: eurekaServer.replication.executionTime.Will start computing stats again.
2023-01-13 10:34:47.016  INFO 23036 --- [SpringApplicationShutdownHook] com.netflix.servo.monitor.StatsMonitor   : Attempting to get the value for an expired monitor: eurekaServer.replication.executionTime.Will start computing stats again.
2023-01-13 10:34:47.024  INFO 23036 --- [SpringApplicationShutdownHook] com.netflix.servo.monitor.StatsMonitor   : Attempting to get the value for an expired monitor: eurekaServer.replication.batchSize.Will start computing stats again.
2023-01-13 10:34:47.256  INFO 23036 --- [SpringApplicationShutdownHook] c.n.eureka.DefaultEurekaServerContext    : Shut down
2023-01-13 10:34:47.256  INFO 23036 --- [SpringApplicationShutdownHook] o.s.c.n.e.server.EurekaServerBootstrap   : Eureka Service is now shutdown...
2023-01-13 10:34:47.261  INFO 23036 --- [SpringApplicationShutdownHook] c.n.eureka.DefaultEurekaServerContext    : Shutting down ...
2023-01-13 10:34:47.364  INFO 23036 --- [SpringApplicationShutdownHook] c.n.eureka.DefaultEurekaServerContext    : Shut down
